<?xml version="1.0" encoding="UTF-8"?>
<!-- Generated by org.testng.reporters.JUnitReportReporter -->
<testsuite hostname="Gerard" failures="0" tests="1" name="test.LoginTest" time="7.714" errors="0" timestamp="2022-07-19T15:08:22 CDT" skipped="0">
  <testcase classname="test.LoginTest" name="validUserShouldBeAbleToLogin" time="7.714"/>
  <system-out/>
</testsuite> <!-- test.LoginTest -->
