<?xml version="1.0" encoding="UTF-8"?>
<!-- Generated by org.testng.reporters.JUnitReportReporter -->
<testsuite hostname="Gerard" failures="0" tests="1" name="test.AddCustomerTest" time="19.669" errors="0" timestamp="2022-07-21T12:48:37 CDT" skipped="0">
  <testcase classname="test.AddCustomerTest" name="UserShouldBeAbleToAddCustomer" time="19.669"/>
  <system-out/>
</testsuite> <!-- test.AddCustomerTest -->
